Starting Shiny app...
Working directory: C:\Github\Verktyg
Loading required package: shiny
── Attaching core tidyverse packages ──────────────────────── tidyverse 2.0.0 ──
✔ dplyr     1.1.4     ✔ readr     2.1.6
✔ forcats   1.0.1     ✔ stringr   1.6.0
✔ lubridate 1.9.4     ✔ tibble    3.3.0
✔ purrr     1.2.0     ✔ tidyr     1.3.2
── Conflicts ────────────────────────────────────────── tidyverse_conflicts() ──
✖ dplyr::filter() masks stats::filter()
✖ dplyr::lag()    masks stats::lag()
ℹ Use the conflicted package (<http://conflicted.r-lib.org/>) to force all conflicts to become errors

Attaching package: 'scales'

The following object is masked from 'package:purrr':

    discard

The following object is masked from 'package:readr':

    col_factor


Attaching package: 'shinydashboard'

The following object is masked from 'package:graphics':

    box


Attaching package: 'rsconnect'

The following object is masked from 'package:shiny':

    serverInfo


Attaching package: 'markdown'

The following object is masked from 'package:rsconnect':

    rpubsUpload


Listening on http://127.0.0.1:6888
Warning: Error in data.frame: arguments imply differing number of rows: 41, 0
  193: stop
  192: data.frame
  191: renderPlot [C:\Github\Verktyg/server.R#182]
  189: func
  149: drawPlot
  135: <reactive:plotObj>
  113: drawReactive
  100: renderFunc
   99: output$grafPris
    1: shiny::runApp
Warning: Error in data.frame: arguments imply differing number of rows: 50, 0
  193: stop
  192: data.frame
  191: renderPlot [C:\Github\Verktyg/server.R#270]
  189: func
  149: drawPlot
  135: <reactive:plotObj>
  113: drawReactive
  100: renderFunc
   99: output$grafTid
    1: shiny::runApp
Warning: Error in data.frame: arguments imply differing number of rows: 41, 0
  193: stop
  192: data.frame
  191: renderPlot [C:\Github\Verktyg/server.R#359]
  189: func
  149: drawPlot
  135: <reactive:plotObj>
  113: drawReactive
  100: renderFunc
   99: output$grafRanta
    1: shiny::runApp
Warning: Error in data.frame: arguments imply differing number of rows: 40, 0
  193: stop
  192: data.frame
  191: renderPlot [C:\Github\Verktyg/server.R#457]
  189: func
  149: drawPlot
  135: <reactive:plotObj>
  113: drawReactive
  100: renderFunc
   99: output$grafAmort
    1: shiny::runApp
Warning: Error in data.frame: arguments imply differing number of rows: 35, 0
  193: stop
  192: data.frame
  191: renderPlot [C:\Github\Verktyg/server.R#554]
  189: func
  149: drawPlot
  135: <reactive:plotObj>
  113: drawReactive
  100: renderFunc
   99: output$grafKI
    1: shiny::runApp
Warning: Error in data.frame: arguments imply differing number of rows: 27, 0
  193: stop
  192: data.frame
  191: renderPlot [C:\Github\Verktyg/server.R#648]
  189: func
  149: drawPlot
  135: <reactive:plotObj>
  113: drawReactive
  100: renderFunc
   99: output$grafDeltaP
    1: shiny::runApp
Warning: Error in data.frame: arguments imply differing number of rows: 25, 0
  193: stop
  192: data.frame
  191: renderPlot [C:\Github\Verktyg/server.R#742]
  189: func
  149: drawPlot
  135: <reactive:plotObj>
  113: drawReactive
  100: renderFunc
   99: output$grafDeltaHyra
    1: shiny::runApp
Warning: Error in data.frame: arguments imply differing number of rows: 35, 0
  193: stop
  192: data.frame
  191: renderPlot [C:\Github\Verktyg/server.R#835]
  189: func
  149: drawPlot
  135: <reactive:plotObj>
  113: drawReactive
  100: renderFunc
   99: output$grafDeltaSM
    1: shiny::runApp
Warning: Error in data.frame: arguments imply differing number of rows: 24, 0
  193: stop
  192: data.frame
  191: renderPlot [C:\Github\Verktyg/server.R#928]
  189: func
  149: drawPlot
  135: <reactive:plotObj>
  113: drawReactive
  100: renderFunc
   99: output$grafKostnader
    1: shiny::runApp
Warning: Error in data.frame: arguments imply differing number of rows: 21, 0
  193: stop
  192: data.frame
  191: renderPlot [C:\Github\Verktyg/server.R#1017]
  189: func
  149: drawPlot
  135: <reactive:plotObj>
  113: drawReactive
  100: renderFunc
   99: output$grafReno
    1: shiny::runApp
Warning: Error in prettyNum: invalid value 0 for 'digits' argument
  143: prettyNum
  142: format.default
  140: formatnummer
  137: <reactive:table> [C:\Github\Verktyg/server.R#1256]
  115: table
  114: renderUI [C:\Github\Verktyg/server.R#1288]
  113: func
  100: renderFunc
   99: output$filetable
    1: shiny::runApp
Warning: Error in prettyNum: invalid value 0 for 'digits' argument
  119: prettyNum
  118: format.default
  116: formatnummer
  114: renderText [C:\Github\Verktyg/server.R#1307]
  113: func
  100: renderFunc
   99: output$hyrabättre1
    1: shiny::runApp
